<?xml version='1.0'?>
<ns2:test-suite xmlns:ns2='urn:model.allure.qatools.yandex.ru' start='1596007056821' stop='1596007120267'>
    <name>TablesPage test</name>
    <title>TablesPage test</title>
    <test-cases>
        <test-case start='1596007059484' status='broken' stop='1596007119489'>
            <name>Checks table headers</name>
            <title>Checks table headers</title>
            <labels>
                <label name='language' value='javascript'/>
                <label name='framework' value='wdio'/>
                <label name='thread' value='0-0'/>
            </labels>
            <parameters>
                <parameter kind='argument' name='browser' value='chrome'/>
            </parameters>
            <steps/>
            <attachments/>
            <failure>
                <message>Timeout of 60000ms exceeded. The execution in the test "TablesPage test Checks table headers" took too long. Try to reduce the run time or increase your timeout for test specs (https://webdriver.io/docs/timeouts.html). (C:\Users\diman\Desktop\InternetUITests\test\specs\tablesPage.spec.js)</message>
                <stack-trace>Error: Timeout of 60000ms exceeded. The execution in the test "TablesPage test Checks table headers" took too long. Try to reduce the run time or increase your timeout for test specs (https://webdriver.io/docs/timeouts.html). (C:\Users\diman\Desktop\InternetUITests\test\specs\tablesPage.spec.js)
                    at Test.Runnable._timeoutError (C:\Users\diman\Desktop\InternetUITests\node_modules\mocha\lib\runnable.js:425:10)
                    at Timeout.&lt;anonymous> (C:\Users\diman\Desktop\InternetUITests\node_modules\mocha\lib\runnable.js:237:24)
                    at listOnTimeout (internal/timers.js:549:17)
                    at processTimers (internal/timers.js:492:7)</stack-trace>
            </failure>
        </test-case>
        <test-case start='1596007119489' status='failed' stop='1596007119833'>
            <name>Checks last names in first table default sorting</name>
            <title>Checks last names in first table default sorting</title>
            <labels>
                <label name='language' value='javascript'/>
                <label name='framework' value='wdio'/>
                <label name='thread' value='0-0'/>
            </labels>
            <parameters>
                <parameter kind='argument' name='browser' value='chrome'/>
            </parameters>
            <steps/>
            <attachments>
                <attachment title='Screenshot' source='cae23fb5-b3ad-401a-88f9-0ab5d0839abd-attachment.png' type='image/png' size='141762'/>
            </attachments>
            <failure>
                <message>Last names are not equal: expected undefined to equal [ 'Smith', 'Doe', 'Conway', 'Bach' ]</message>
                <stack-trace>AssertionError: Last names are not equal: expected undefined to equal [ 'Smith', 'Doe', 'Conway', 'Bach' ]
                    at Context.&lt;anonymous> (C:\Users\diman\Desktop\InternetUITests\test\specs\tablesPage.spec.js:23:21)
                    at Context.executeSync (C:\Users\diman\Desktop\InternetUITests\node_modules\@wdio\sync\build\index.js:56:18)
                    at C:\Users\diman\Desktop\InternetUITests\node_modules\@wdio\sync\build\index.js:82:70</stack-trace>
            </failure>
        </test-case>
        <test-case start='1596007119833' status='failed' stop='1596007120266'>
            <name>Sorts first table by last name and checks sorting</name>
            <title>Sorts first table by last name and checks sorting</title>
            <labels>
                <label name='language' value='javascript'/>
                <label name='framework' value='wdio'/>
                <label name='thread' value='0-0'/>
            </labels>
            <parameters>
                <parameter kind='argument' name='browser' value='chrome'/>
            </parameters>
            <steps/>
            <attachments>
                <attachment title='Screenshot' source='7c4577d8-1db8-4469-93cf-486f87e3e480-attachment.png' type='image/png' size='141951'/>
            </attachments>
            <failure>
                <message>Last names are not equal after sorting: expected undefined to equal [ 'Bach', 'Conway', 'Doe', 'Smith' ]</message>
                <stack-trace>AssertionError: Last names are not equal after sorting: expected undefined to equal [ 'Bach', 'Conway', 'Doe', 'Smith' ]
                    at Context.&lt;anonymous> (C:\Users\diman\Desktop\InternetUITests\test\specs\tablesPage.spec.js:29:21)
                    at Context.executeSync (C:\Users\diman\Desktop\InternetUITests\node_modules\@wdio\sync\build\index.js:56:18)
                    at C:\Users\diman\Desktop\InternetUITests\node_modules\@wdio\sync\build\index.js:82:70</stack-trace>
            </failure>
        </test-case>
    </test-cases>
</ns2:test-suite>